0 info it worked if it ends with ok
1 verbose cli [ '/usr/local/bin/node',
1 verbose cli   '/usr/local/bin/npm',
1 verbose cli   'install',
1 verbose cli   'jsupm_grove',
1 verbose cli   '-g',
1 verbose cli   '--save' ]
2 info using npm@3.8.3
3 info using node@v5.10.0
4 silly loadCurrentTree Starting
5 silly install loadCurrentTree
6 silly install readGlobalPackageData
7 silly fetchPackageMetaData jsupm_grove
8 silly fetchNamedPackageData jsupm_grove
9 silly mapToRegistry name jsupm_grove
10 silly mapToRegistry using default registry
11 silly mapToRegistry registry https://registry.npmjs.org/
12 silly mapToRegistry data Result {
12 silly mapToRegistry   raw: 'jsupm_grove',
12 silly mapToRegistry   scope: null,
12 silly mapToRegistry   name: 'jsupm_grove',
12 silly mapToRegistry   rawSpec: '',
12 silly mapToRegistry   spec: 'latest',
12 silly mapToRegistry   type: 'tag' }
13 silly mapToRegistry uri https://registry.npmjs.org/jsupm_grove
14 verbose request uri https://registry.npmjs.org/jsupm_grove
15 verbose request no auth needed
16 info attempt registry request try #1 at 10:26:16 AM
17 verbose request id 32c3732a71ef7d4c
18 verbose etag "86JLFSTA8PTOEIRCP8XLEFHQ1"
19 http request GET https://registry.npmjs.org/jsupm_grove
20 http 304 https://registry.npmjs.org/jsupm_grove
21 verbose headers { date: 'Sat, 02 Apr 2016 04:56:13 GMT',
21 verbose headers   via: '1.1 varnish',
21 verbose headers   'cache-control': 'max-age=300',
21 verbose headers   etag: '"86JLFSTA8PTOEIRCP8XLEFHQ1"',
21 verbose headers   age: '17',
21 verbose headers   connection: 'keep-alive',
21 verbose headers   'x-served-by': 'cache-sin6923-SIN',
21 verbose headers   'x-cache': 'HIT',
21 verbose headers   'x-cache-hits': '1',
21 verbose headers   'x-timer': 'S1459572973.291597,VS0,VE0',
21 verbose headers   vary: 'Accept' }
22 silly get cb [ 304,
22 silly get   { date: 'Sat, 02 Apr 2016 04:56:13 GMT',
22 silly get     via: '1.1 varnish',
22 silly get     'cache-control': 'max-age=300',
22 silly get     etag: '"86JLFSTA8PTOEIRCP8XLEFHQ1"',
22 silly get     age: '17',
22 silly get     connection: 'keep-alive',
22 silly get     'x-served-by': 'cache-sin6923-SIN',
22 silly get     'x-cache': 'HIT',
22 silly get     'x-cache-hits': '1',
22 silly get     'x-timer': 'S1459572973.291597,VS0,VE0',
22 silly get     vary: 'Accept' } ]
23 verbose etag https://registry.npmjs.org/jsupm_grove from cache
24 verbose get saving jsupm_grove to /Users/sahays/.npm/registry.npmjs.org/jsupm_grove/.cache.json
25 verbose correctMkdir /Users/sahays/.npm correctMkdir not in flight; initializing
26 silly install normalizeTree
27 silly loadCurrentTree Finishing
28 silly loadIdealTree Starting
29 silly install loadIdealTree
30 silly cloneCurrentTree Starting
31 silly install cloneCurrentTreeToIdealTree
32 silly cloneCurrentTree Finishing
33 silly loadShrinkwrap Starting
34 silly install loadShrinkwrap
35 silly loadShrinkwrap Finishing
36 silly loadAllDepsIntoIdealTree Starting
37 silly install loadAllDepsIntoIdealTree
38 silly resolveWithNewModule jsupm_grove@0.4.1 checking installable status
39 silly cache add args [ 'jsupm_grove', null ]
40 verbose cache add spec jsupm_grove
41 silly cache add parsed spec Result {
41 silly cache add   raw: 'jsupm_grove',
41 silly cache add   scope: null,
41 silly cache add   name: 'jsupm_grove',
41 silly cache add   rawSpec: '',
41 silly cache add   spec: 'latest',
41 silly cache add   type: 'tag' }
42 silly addNamed jsupm_grove@latest
43 verbose addNamed "latest" is being treated as a dist-tag for jsupm_grove
44 info addNameTag [ 'jsupm_grove', 'latest' ]
45 silly mapToRegistry name jsupm_grove
46 silly mapToRegistry using default registry
47 silly mapToRegistry registry https://registry.npmjs.org/
48 silly mapToRegistry data Result {
48 silly mapToRegistry   raw: 'jsupm_grove',
48 silly mapToRegistry   scope: null,
48 silly mapToRegistry   name: 'jsupm_grove',
48 silly mapToRegistry   rawSpec: '',
48 silly mapToRegistry   spec: 'latest',
48 silly mapToRegistry   type: 'tag' }
49 silly mapToRegistry uri https://registry.npmjs.org/jsupm_grove
50 verbose addNameTag registry:https://registry.npmjs.org/jsupm_grove not in flight; fetching
51 verbose get https://registry.npmjs.org/jsupm_grove not expired, no request
52 silly addNameTag next cb for jsupm_grove with tag latest
53 silly addNamed jsupm_grove@0.4.1
54 verbose addNamed "0.4.1" is a plain semver version for jsupm_grove
55 silly cache afterAdd jsupm_grove@0.4.1
56 verbose afterAdd /Users/sahays/.npm/jsupm_grove/0.4.1/package/package.json not in flight; writing
57 verbose correctMkdir /Users/sahays/.npm correctMkdir not in flight; initializing
58 verbose afterAdd /Users/sahays/.npm/jsupm_grove/0.4.1/package/package.json written
59 silly fetchNamedPackageData mraa
60 silly mapToRegistry name mraa
61 silly mapToRegistry using default registry
62 silly mapToRegistry registry https://registry.npmjs.org/
63 silly mapToRegistry data Result {
63 silly mapToRegistry   raw: 'mraa',
63 silly mapToRegistry   scope: null,
63 silly mapToRegistry   name: 'mraa',
63 silly mapToRegistry   rawSpec: '',
63 silly mapToRegistry   spec: 'latest',
63 silly mapToRegistry   type: 'tag' }
64 silly mapToRegistry uri https://registry.npmjs.org/mraa
65 verbose request uri https://registry.npmjs.org/mraa
66 verbose request no auth needed
67 info attempt registry request try #1 at 10:26:16 AM
68 verbose etag "B7TLT1NIN2QSAB132NN2XEQIU"
69 http request GET https://registry.npmjs.org/mraa
70 http 304 https://registry.npmjs.org/mraa
71 verbose headers { date: 'Sat, 02 Apr 2016 04:56:13 GMT',
71 verbose headers   via: '1.1 varnish',
71 verbose headers   'cache-control': 'max-age=300',
71 verbose headers   etag: '"B7TLT1NIN2QSAB132NN2XEQIU"',
71 verbose headers   age: '16',
71 verbose headers   connection: 'keep-alive',
71 verbose headers   'x-served-by': 'cache-sin6923-SIN',
71 verbose headers   'x-cache': 'HIT',
71 verbose headers   'x-cache-hits': '1',
71 verbose headers   'x-timer': 'S1459572973.500452,VS0,VE0',
71 verbose headers   vary: 'Accept' }
72 silly get cb [ 304,
72 silly get   { date: 'Sat, 02 Apr 2016 04:56:13 GMT',
72 silly get     via: '1.1 varnish',
72 silly get     'cache-control': 'max-age=300',
72 silly get     etag: '"B7TLT1NIN2QSAB132NN2XEQIU"',
72 silly get     age: '16',
72 silly get     connection: 'keep-alive',
72 silly get     'x-served-by': 'cache-sin6923-SIN',
72 silly get     'x-cache': 'HIT',
72 silly get     'x-cache-hits': '1',
72 silly get     'x-timer': 'S1459572973.500452,VS0,VE0',
72 silly get     vary: 'Accept' } ]
73 verbose etag https://registry.npmjs.org/mraa from cache
74 verbose get saving mraa to /Users/sahays/.npm/registry.npmjs.org/mraa/.cache.json
75 verbose correctMkdir /Users/sahays/.npm correctMkdir not in flight; initializing
76 silly resolveWithNewModule mraa@0.10.1 checking installable status
77 silly cache add args [ 'mraa@>=0.8.1', null ]
78 verbose cache add spec mraa@>=0.8.1
79 silly cache add parsed spec Result {
79 silly cache add   raw: 'mraa@>=0.8.1',
79 silly cache add   scope: null,
79 silly cache add   name: 'mraa',
79 silly cache add   rawSpec: '>=0.8.1',
79 silly cache add   spec: '>=0.8.1',
79 silly cache add   type: 'range' }
80 silly addNamed mraa@>=0.8.1
81 verbose addNamed ">=0.8.1" is a valid semver range for mraa
82 silly addNameRange { name: 'mraa', range: '>=0.8.1', hasData: false }
83 silly mapToRegistry name mraa
84 silly mapToRegistry using default registry
85 silly mapToRegistry registry https://registry.npmjs.org/
86 silly mapToRegistry data Result {
86 silly mapToRegistry   raw: 'mraa',
86 silly mapToRegistry   scope: null,
86 silly mapToRegistry   name: 'mraa',
86 silly mapToRegistry   rawSpec: '',
86 silly mapToRegistry   spec: 'latest',
86 silly mapToRegistry   type: 'tag' }
87 silly mapToRegistry uri https://registry.npmjs.org/mraa
88 verbose addNameRange registry:https://registry.npmjs.org/mraa not in flight; fetching
89 verbose get https://registry.npmjs.org/mraa not expired, no request
90 silly addNameRange number 2 { name: 'mraa', range: '>=0.8.1', hasData: true }
91 silly addNameRange versions [ 'mraa',
91 silly addNameRange   [ '0.5.2-46-gd4552fd',
91 silly addNameRange     '0.5.2-47-ga38c07f',
91 silly addNameRange     '0.5.2-48-g0ca4b10',
91 silly addNameRange     '0.5.2-49-gabd538d',
91 silly addNameRange     '0.5.2-50-g8be861a',
91 silly addNameRange     '0.5.2-51-g276b0a8',
91 silly addNameRange     '0.5.2-62-g0289c63',
91 silly addNameRange     '0.5.2-63-gd1185ef',
91 silly addNameRange     '0.5.3',
91 silly addNameRange     '0.5.3-2-g9684915',
91 silly addNameRange     '0.5.3-3-g36e24ba',
91 silly addNameRange     '0.5.3-4-g14f4567',
91 silly addNameRange     '0.5.3-5-g1b059c1',
91 silly addNameRange     '0.5.3-6-g7ad78d0',
91 silly addNameRange     '0.5.3-7-gacc3476',
91 silly addNameRange     '0.5.4',
91 silly addNameRange     '0.5.4-2-g8aa2ccc',
91 silly addNameRange     '0.5.4-1-ged1fc6c',
91 silly addNameRange     '0.5.4-2-gffdd828',
91 silly addNameRange     '0.5.4-5-g1ee0548',
91 silly addNameRange     '0.5.4-6-gcf1a864',
91 silly addNameRange     '0.5.4-14-gaff8811',
91 silly addNameRange     '0.5.4-20-g82eee9b',
91 silly addNameRange     '0.5.4-21-g71913b9',
91 silly addNameRange     '0.5.4-22-gbd16ecc',
91 silly addNameRange     '0.5.4-24-g2c5e749',
91 silly addNameRange     '0.5.4-25-g0c086d8',
91 silly addNameRange     '0.5.4-26-gda15fdb',
91 silly addNameRange     '0.5.4-27-g643bb99',
91 silly addNameRange     '0.5.4-28-g4944f42',
91 silly addNameRange     '0.5.4-29-gf277e7d',
91 silly addNameRange     '0.5.4-30-gf6a05b1',
91 silly addNameRange     '0.5.4-31-gf7256f1',
91 silly addNameRange     '0.5.4-32-g71118af',
91 silly addNameRange     '0.5.4-34-g4d8b82e',
91 silly addNameRange     '0.5.4-36-ge5835fa',
91 silly addNameRange     '0.5.4-37-g3c4742c',
91 silly addNameRange     '0.5.4-38-gd58adef',
91 silly addNameRange     '0.5.4-41-g2574efd',
91 silly addNameRange     '0.5.4-42-ge7649db',
91 silly addNameRange     '0.5.4-45-gbc05ce7',
91 silly addNameRange     '0.5.4-46-g74d172c',
91 silly addNameRange     '0.5.4-63-gec5c09f',
91 silly addNameRange     '0.5.4-64-g3efb7a0',
91 silly addNameRange     '0.5.4-65-ga76061a',
91 silly addNameRange     '0.5.4-66-g44d6ebf',
91 silly addNameRange     '0.5.4-66-g62c3264',
91 silly addNameRange     '0.5.4-71-g17ee0c9',
91 silly addNameRange     '0.5.4-76-g5af1197',
91 silly addNameRange     '0.5.4-78-g21962f4',
91 silly addNameRange     '0.5.4-79-gc3e43e5',
91 silly addNameRange     '0.5.4-80-g50ca84b',
91 silly addNameRange     '0.5.4-81-g5daad72',
91 silly addNameRange     '0.5.4-82-g66eb476',
91 silly addNameRange     '0.5.4-83-g20d2291',
91 silly addNameRange     '0.5.4-84-ged4c68e',
91 silly addNameRange     '0.5.4-85-g9cfbc87',
91 silly addNameRange     '0.5.4-86-g97d5a3e',
91 silly addNameRange     '0.5.4-88-g4e59917',
91 silly addNameRange     '0.5.4-89-gc3980c2',
91 silly addNameRange     '0.5.4-90-ge23325d',
91 silly addNameRange     '0.5.4-91-g456646c',
91 silly addNameRange     '0.5.4-92-g067487f',
91 silly addNameRange     '0.5.4-94-ge8bc227',
91 silly addNameRange     '0.5.4-95-gfb54307',
91 silly addNameRange     '0.5.4-96-g94dd44a',
91 silly addNameRange     '0.5.4-97-g212be29',
91 silly addNameRange     '0.5.4-98-gd88da13',
91 silly addNameRange     '0.5.4-100-g6c73a8a',
91 silly addNameRange     '0.5.4-101-g82bb1c5',
91 silly addNameRange     '0.5.4-102-ge68546a',
91 silly addNameRange     '0.5.4-103-g4d81fec',
91 silly addNameRange     '0.5.4-104-g019b0a5',
91 silly addNameRange     '0.5.4-105-gbaa1a0a',
91 silly addNameRange     '0.5.4-106-gdbc64fb',
91 silly addNameRange     '0.5.4-107-gcd6701d',
91 silly addNameRange     '0.5.4-108-ge7c3c17',
91 silly addNameRange     '0.5.4-109-g8ccefe9',
91 silly addNameRange     '0.5.4-110-g459ecc0',
91 silly addNameRange     '0.5.4-112-g2dc79dd',
91 silly addNameRange     '0.5.4-115-g403424e',
91 silly addNameRange     '0.5.4-118-g818e1a8',
91 silly addNameRange     '0.5.4-121-g2965665',
91 silly addNameRange     '0.5.4-126-g989566b',
91 silly addNameRange     '0.5.4-127-gcd36880',
91 silly addNameRange     '0.5.4-134-gd6891e8',
91 silly addNameRange     '0.5.4-135-gdd80730',
91 silly addNameRange     '0.5.4-137-g9d80b12',
91 silly addNameRange     '0.5.4-138-g163a40e',
91 silly addNameRange     '0.5.4-139-gefdbf4b',
91 silly addNameRange     '0.5.4-140-g797b137',
91 silly addNameRange     '0.5.4-141-ga2220e3',
91 silly addNameRange     '0.6.1',
91 silly addNameRange     '0.6.1-2-ga747c80',
91 silly addNameRange     '0.6.1-5-g3b3b940',
91 silly addNameRange     '0.6.1-6-g10f450b',
91 silly addNameRange     '0.6.1-7-g76ffa35',
91 silly addNameRange     '0.6.1-8-g2c74ba7',
91 silly addNameRange     '0.6.1-9-g677af12',
91 silly addNameRange     '0.6.1-10-gf33880c',
91 silly addNameRange     '0.6.1-11-g7375146',
91 silly addNameRange     '0.6.1-12-gf854a2b',
91 silly addNameRange     '0.6.1-14-g0dd0395',
91 silly addNameRange     '0.6.1-15-g228b7b6',
91 silly addNameRange     '0.6.1-16-gc621fad',
91 silly addNameRange     '0.6.1-17-g805d22f',
91 silly addNameRange     '0.6.1-18-g62213fa',
91 silly addNameRange     '0.6.1-21-g8b0b9f1',
91 silly addNameRange     '0.6.1-22-ge03eec3',
91 silly addNameRange     '0.6.1-31-g2174ee1',
91 silly addNameRange     '0.6.1-32-gffcf3d7',
91 silly addNameRange     '0.6.1-33-g2388fb9',
91 silly addNameRange     '0.6.1-34-g52c5376',
91 silly addNameRange     '0.6.1-36-gbe4312e',
91 silly addNameRange     '0.6.2',
91 silly addNameRange     '0.7.0',
91 silly addNameRange     '0.7.1',
91 silly addNameRange     '0.7.2',
91 silly addNameRange     '0.7.3',
91 silly addNameRange     '0.7.4',
91 silly addNameRange     '0.7.5',
91 silly addNameRange     '0.8.0',
91 silly addNameRange     '0.8.1',
91 silly addNameRange     '0.9.0',
91 silly addNameRange     '0.9.1',
91 silly addNameRange     '0.9.2',
91 silly addNameRange     '0.9.3',
91 silly addNameRange     '0.9.4',
91 silly addNameRange     '0.9.5',
91 silly addNameRange     '0.9.6',
91 silly addNameRange     '0.10.0',
91 silly addNameRange     '0.10.1' ] ]
92 silly addNamed mraa@0.10.1
93 verbose addNamed "0.10.1" is a plain semver version for mraa
94 silly cache afterAdd mraa@0.10.1
95 verbose afterAdd /Users/sahays/.npm/mraa/0.10.1/package/package.json not in flight; writing
96 verbose correctMkdir /Users/sahays/.npm correctMkdir not in flight; initializing
97 verbose afterAdd /Users/sahays/.npm/mraa/0.10.1/package/package.json written
98 silly loadAllDepsIntoIdealTree Finishing
99 silly idealTree:prePrune lib
99 silly idealTree:prePrune └─┬ jsupm_grove@0.4.1
99 silly idealTree:prePrune   └── mraa@0.10.1
100 silly loadIdealTree Finishing
101 silly currentTree lib
102 silly idealTree lib
102 silly idealTree └─┬ jsupm_grove@0.4.1
102 silly idealTree   └── mraa@0.10.1
103 silly generateActionsToTake Starting
104 silly install generateActionsToTake
105 silly generateActionsToTake Finishing
106 silly diffTrees action count 2
107 silly diffTrees add mraa@0.10.1
108 silly diffTrees add jsupm_grove@0.4.1
109 silly decomposeActions action count 16
110 silly decomposeActions fetch mraa@0.10.1
111 silly decomposeActions extract mraa@0.10.1
112 silly decomposeActions test mraa@0.10.1
113 silly decomposeActions preinstall mraa@0.10.1
114 silly decomposeActions build mraa@0.10.1
115 silly decomposeActions install mraa@0.10.1
116 silly decomposeActions postinstall mraa@0.10.1
117 silly decomposeActions finalize mraa@0.10.1
118 silly decomposeActions fetch jsupm_grove@0.4.1
119 silly decomposeActions extract jsupm_grove@0.4.1
120 silly decomposeActions test jsupm_grove@0.4.1
121 silly decomposeActions preinstall jsupm_grove@0.4.1
122 silly decomposeActions build jsupm_grove@0.4.1
123 silly decomposeActions install jsupm_grove@0.4.1
124 silly decomposeActions postinstall jsupm_grove@0.4.1
125 silly decomposeActions finalize jsupm_grove@0.4.1
126 silly executeActions Starting
127 silly install executeActions
128 silly doSerial global-install 0
129 silly doParallel fetch 2
130 verbose correctMkdir /Users/sahays/.npm/_locks correctMkdir not in flight; initializing
131 verbose lock using /Users/sahays/.npm/_locks/staging-3a08f0df5026584d.lock for /usr/local/lib/node_modules/.staging
132 silly doParallel extract 2
133 silly extract mraa@0.10.1
134 silly extract jsupm_grove@0.4.1
135 verbose unbuild lib/node_modules/.staging/mraa-377ab873
136 verbose unbuild lib/node_modules/.staging/jsupm_grove-0a17118c
137 silly gentlyRm /usr/local/lib/node_modules/.staging/mraa-377ab873 is being purged from base /usr/local
138 verbose gentlyRm don't care about contents; nuking /usr/local/lib/node_modules/.staging/mraa-377ab873
139 silly gentlyRm /usr/local/lib/node_modules/.staging/jsupm_grove-0a17118c is being purged from base /usr/local
140 verbose gentlyRm don't care about contents; nuking /usr/local/lib/node_modules/.staging/jsupm_grove-0a17118c
141 verbose tar unpack /Users/sahays/.npm/mraa/0.10.1/package.tgz
142 verbose tar unpacking to /usr/local/lib/node_modules/.staging/mraa-377ab873
143 silly gentlyRm /usr/local/lib/node_modules/.staging/mraa-377ab873 is being purged
144 verbose gentlyRm don't care about contents; nuking /usr/local/lib/node_modules/.staging/mraa-377ab873
145 verbose tar unpack /Users/sahays/.npm/jsupm_grove/0.4.1/package.tgz
146 verbose tar unpacking to /usr/local/lib/node_modules/.staging/jsupm_grove-0a17118c
147 silly gentlyRm /usr/local/lib/node_modules/.staging/jsupm_grove-0a17118c is being purged
148 verbose gentlyRm don't care about contents; nuking /usr/local/lib/node_modules/.staging/jsupm_grove-0a17118c
149 silly gunzTarPerm modes [ '755', '644' ]
150 silly gunzTarPerm modes [ '755', '644' ]
151 silly gunzTarPerm extractEntry
152 silly gunzTarPerm extractEntry package.json
153 silly gunzTarPerm extractEntry README.md
154 silly gunzTarPerm extractEntry jsupm_grove.node
155 silly gunzTarPerm extractEntry imraa/
156 silly gunzTarPerm extractEntry imraa/imraa.c
157 silly gunzTarPerm extractEntry imraa/imraa.service
158 silly gunzTarPerm extractEntry imraa/imraa.conf
159 silly gunzTarPerm extractEntry imraa/CMakeLists.txt
160 silly gunzTarPerm extractEntry DoxygenLayout.xml
161 silly gunzTarPerm extractEntry Android.mk
162 silly gunzTarPerm extractEntry COPYING
163 silly gunzTarPerm extractEntry src/
164 silly gunzTarPerm extractEntry src/x86/
165 silly gunzTarPerm extractEntry src/x86/intel_de3815.c
166 silly gunzTarPerm extractEntry src/x86/intel_minnow_byt_compatible.c
167 silly gunzTarPerm extractEntry src/x86/intel_nuc5.c
168 silly gunzTarPerm extractEntry src/x86/intel_galileo_rev_g.c
169 silly gunzTarPerm extractEntry src/x86/intel_edison_fab_c.c
170 silly gunzTarPerm extractEntry src/x86/x86.c
171 silly gunzTarPerm extractEntry src/x86/intel_cherryhills.c
172 silly gunzTarPerm extractEntry src/x86/intel_galileo_rev_d.c
173 silly gunzTarPerm extractEntry src/x86/CMakeLists.txt
174 silly gunzTarPerm extractEntry src/x86/intel_sofia_3gr.c
175 silly gunzTarPerm extractEntry src/x86/up.c
176 silly gentlyRm /usr/local/lib/node_modules/.staging/jsupm_grove-0a17118c/node_modules is being purged
177 verbose gentlyRm don't care about contents; nuking /usr/local/lib/node_modules/.staging/jsupm_grove-0a17118c/node_modules
178 silly gunzTarPerm extractEntry src/mraajsJAVASCRIPT_wrap.cxx
179 silly gunzTarPerm extractEntry src/java/
180 silly gunzTarPerm extractEntry src/java/mraajni.c
181 silly gunzTarPerm extractEntry src/java/mraajava.pc.cmake
182 silly gunzTarPerm extractEntry src/java/mraajava.i
183 silly gunzTarPerm extractEntry src/java/CMakeLists.txt
184 silly gunzTarPerm extractEntry src/spi/
185 silly gunzTarPerm extractEntry src/spi/spi.c
186 silly gunzTarPerm extractEntry src/mraa.i
187 silly gunzTarPerm extractEntry src/python/
188 silly gunzTarPerm extractEntry src/python/mraapy.c
189 silly gunzTarPerm extractEntry src/python/mraa.i
190 silly gunzTarPerm extractEntry src/python/docs/
191 silly gunzTarPerm extractEntry src/python/docs/example.rst
192 silly gunzTarPerm extractEntry src/python/docs/mraa.rst
193 silly gunzTarPerm extractEntry src/python/docs/index.rst
194 silly gunzTarPerm extractEntry src/python/docs/conf.py.in
195 silly gunzTarPerm extractEntry src/python/docs/CMakeLists.txt
196 silly gunzTarPerm extractEntry src/python/CMakeLists.txt
197 silly gunzTarPerm extractEntry src/javascript/
198 silly gunzTarPerm extractEntry src/javascript/doxygen2jsdoc_custom.json
199 silly gunzTarPerm extractEntry src/javascript/binding.gyp.cmake
200 silly gunzTarPerm extractEntry src/javascript/mraajs.i
201 silly gunzTarPerm extractEntry src/javascript/CMakeLists.txt
202 silly gunzTarPerm extractEntry src/javascript/package.json.cmake
203 silly gunzTarPerm extractEntry src/gpio/
204 silly gunzTarPerm extractEntry src/gpio/gpio.c
205 silly gunzTarPerm extractEntry src/arm/
206 silly gunzTarPerm extractEntry src/arm/banana.c
207 silly gunzTarPerm extractEntry src/arm/beaglebone.c
208 silly gunzTarPerm extractEntry src/arm/arm.c
209 silly gunzTarPerm extractEntry src/arm/raspberry_pi.c
210 silly gunzTarPerm extractEntry src/arm/96boards.c
211 silly gunzTarPerm extractEntry src/arm/CMakeLists.txt
212 silly gunzTarPerm extractEntry src/aio/
213 silly gunzTarPerm extractEntry src/aio/aio.c
214 silly gunzTarPerm extractEntry src/mraa.c
215 silly gunzTarPerm extractEntry src/uart/
216 silly gunzTarPerm extractEntry src/uart/uart.c
217 silly gunzTarPerm extractEntry src/pwm/
218 silly gunzTarPerm extractEntry src/pwm/pwm.c
219 silly gunzTarPerm extractEntry src/usb/
220 silly gunzTarPerm extractEntry src/usb/usb.c
221 silly gunzTarPerm extractEntry src/usb/ftdi_ft4222.c
222 silly gunzTarPerm extractEntry src/usb/CMakeLists.txt
223 silly gunzTarPerm extractEntry src/i2c/
224 silly gunzTarPerm extractEntry src/i2c/i2c.c
225 silly gunzTarPerm extractEntry src/i2c/LICENSE
226 silly gunzTarPerm extractEntry src/mraa.pc.cmake
227 silly gunzTarPerm extractEntry src/doxy2swig.py
228 silly gunzTarPerm extractEntry src/glob/
229 silly gunzTarPerm extractEntry src/glob/glob.c
230 silly gunzTarPerm extractEntry src/glob/glob.h
231 silly gunzTarPerm extractEntry src/version.c
232 silly gunzTarPerm extractEntry src/iio/
233 silly gunzTarPerm extractEntry src/iio/iio.c
234 silly gunzTarPerm extractEntry src/CMakeLists.txt
235 silly gunzTarPerm extractEntry src/firmata/
236 silly gunzTarPerm extractEntry src/firmata/firmata_mraa.c
237 silly gunzTarPerm extractEntry src/firmata/firmata.c
238 silly gunzTarPerm extractEntry src/firmata/CMakeLists.txt
239 silly gunzTarPerm extractEntry package.json
240 silly gunzTarPerm extractEntry .gitmodules
241 silly gunzTarPerm extractEntry READMEFIRST
242 silly gunzTarPerm extractEntry binding.gyp
243 silly gunzTarPerm extractEntry docs/
244 silly gunzTarPerm extractEntry docs/testing.md
245 silly gunzTarPerm extractEntry docs/minnow_max.md
246 silly gunzTarPerm extractEntry docs/index.java.md
247 silly gunzTarPerm extractEntry docs/banana_pi.md
248 silly gunzTarPerm extractEntry docs/up.md
249 silly gunzTarPerm extractEntry docs/i2c.txt
250 silly gunzTarPerm extractEntry docs/galileorevd.md
251 silly gunzTarPerm extractEntry docs/galileorevh.md
252 silly gunzTarPerm extractEntry docs/npm.md
253 silly gunzTarPerm extractEntry docs/index.md
254 silly gunzTarPerm extractEntry docs/platform-hooks.md
255 silly gunzTarPerm extractEntry docs/intel_nuc5.md
256 silly gunzTarPerm extractEntry docs/changelog.md
257 silly gunzTarPerm extractEntry docs/internals.md
258 silly gunzTarPerm extractEntry docs/imraa.md
259 silly gunzTarPerm extractEntry docs/intel_de3815.md
260 silly gunzTarPerm extractEntry docs/ftdi_ft4222.md
261 silly gunzTarPerm extractEntry docs/firmata.md
262 silly gunzTarPerm extractEntry docs/debugging.md
263 silly gunzTarPerm extractEntry docs/iio.md
264 silly gunzTarPerm extractEntry docs/beaglebone.md
265 silly gunzTarPerm extractEntry docs/raspberry_pi.md
266 silly gunzTarPerm extractEntry docs/edison.md
267 silly gunzTarPerm extractEntry include/
268 silly gunzTarPerm extractEntry include/x86/
269 silly gunzTarPerm extractEntry include/x86/up.h
270 silly gunzTarPerm extractEntry include/x86/intel_sofia_3gr.h
271 silly gunzTarPerm extractEntry include/x86/intel_galileo_rev_d.h
272 silly gunzTarPerm extractEntry include/x86/intel_cherryhills.h
273 silly gunzTarPerm extractEntry include/x86/intel_minnow_byt_compatible.h
274 silly gunzTarPerm extractEntry include/x86/intel_nuc5.h
275 silly gunzTarPerm extractEntry include/x86/intel_de3815.h
276 silly gunzTarPerm extractEntry include/x86/intel_edison_fab_c.h
277 silly gunzTarPerm extractEntry include/x86/intel_galileo_rev_g.h
278 silly gunzTarPerm extractEntry include/mraa_internal_types.h
279 silly gunzTarPerm extractEntry include/linux/
280 silly gunzTarPerm extractEntry include/linux/types.h
281 silly gunzTarPerm extractEntry include/linux/i2c-dev.h
282 silly gunzTarPerm extractEntry include/linux/README
283 silly gunzTarPerm extractEntry include/linux/posix_types.h
284 silly gunzTarPerm extractEntry include/linux/compiler.h
285 silly gunzTarPerm extractEntry include/java/
286 silly gunzTarPerm extractEntry include/java/mraajni.h
287 silly gunzTarPerm extractEntry include/python/
288 silly gunzTarPerm extractEntry include/python/mraapy.h
289 silly gunzTarPerm extractEntry include/mraa_adv_func.h
290 silly gunzTarPerm extractEntry include/arm/
291 silly gunzTarPerm extractEntry include/arm/96boards.h
292 silly gunzTarPerm extractEntry include/arm/raspberry_pi.h
293 silly gunzTarPerm extractEntry include/arm/beaglebone.h
294 silly gunzTarPerm extractEntry include/arm/banana.h
295 silly gunzTarPerm extractEntry include/mraa_internal.h
296 silly gunzTarPerm extractEntry include/usb/
297 silly gunzTarPerm extractEntry include/usb/ftdi_ft4222.h
298 silly gunzTarPerm extractEntry include/mraa_lang_func.h
299 silly gunzTarPerm extractEntry include/version.h
300 silly gunzTarPerm extractEntry include/firmata/
301 silly gunzTarPerm extractEntry include/firmata/firmata.h
302 silly gunzTarPerm extractEntry include/firmata/firmata_mraa.h
303 silly gunzTarPerm extractEntry Doxyfile.in
304 silly gunzTarPerm extractEntry .travis.yml
305 silly gunzTarPerm extractEntry api/
306 silly gunzTarPerm extractEntry api/mraa.h
307 silly gunzTarPerm extractEntry api/mraa.hpp
308 silly gunzTarPerm extractEntry api/mraa/
309 silly gunzTarPerm extractEntry api/mraa/firmata.h
310 silly gunzTarPerm extractEntry api/mraa/spi.h
311 silly gunzTarPerm extractEntry api/mraa/iio.hpp
312 silly gunzTarPerm extractEntry api/mraa/pwm.hpp
313 silly gunzTarPerm extractEntry api/mraa/pwm.h
314 silly gunzTarPerm extractEntry api/mraa/types.hpp
315 silly gunzTarPerm extractEntry api/mraa/i2c.h
316 silly gunzTarPerm extractEntry api/mraa/i2c.hpp
317 silly gunzTarPerm extractEntry api/mraa/iio_kernel_headers.h
318 silly gunzTarPerm extractEntry api/mraa/common.hpp
319 silly gunzTarPerm extractEntry api/mraa/aio.hpp
320 silly gunzTarPerm extractEntry api/mraa/types.h
321 silly gunzTarPerm extractEntry api/mraa/aio.h
322 silly gunzTarPerm extractEntry api/mraa/gpio.hpp
323 silly gunzTarPerm extractEntry api/mraa/gpio.h
324 silly gunzTarPerm extractEntry api/mraa/uart.hpp
325 silly gunzTarPerm extractEntry api/mraa/iio.h
326 silly gunzTarPerm extractEntry api/mraa/spi.hpp
327 silly gunzTarPerm extractEntry api/mraa/uart.h
328 silly gunzTarPerm extractEntry api/mraa/common.h
329 silly gunzTarPerm extractEntry examples/
330 silly gunzTarPerm extractEntry examples/iio_driver.c
331 silly gunzTarPerm extractEntry examples/hellomraa.c
332 silly gunzTarPerm extractEntry examples/c++/
333 silly gunzTarPerm extractEntry examples/c++/Pwm3-cycle.cpp
334 silly gunzTarPerm extractEntry examples/c++/Blink-IO.cpp
335 silly gunzTarPerm extractEntry examples/c++/Uart-example.cpp
336 silly gunzTarPerm extractEntry examples/c++/I2c-compass.cpp
337 silly gunzTarPerm extractEntry examples/c++/AioA0.cpp
338 silly gunzTarPerm extractEntry examples/c++/Spi-pot.cpp
339 silly gunzTarPerm extractEntry examples/c++/Iio-dummy.cpp
340 silly gunzTarPerm extractEntry examples/c++/CMakeLists.txt
341 silly gunzTarPerm extractEntry examples/c++/Isr-pin6.cpp
342 silly gunzTarPerm extractEntry examples/isr_pin6.c
343 silly gunzTarPerm extractEntry examples/blink_onboard.c
344 silly gunzTarPerm extractEntry examples/firmata_curie_imu.c
345 silly gunzTarPerm extractEntry examples/analogin_a0.c
346 silly gunzTarPerm extractEntry examples/java/
347 silly gunzTarPerm extractEntry examples/java/Bmp85.java
348 silly gunzTarPerm extractEntry examples/java/Isr.java
349 silly gunzTarPerm extractEntry examples/java/SpiMAX7219.java
350 silly gunzTarPerm extractEntry examples/java/Example.java
351 silly gunzTarPerm extractEntry examples/java/SpiMCP4261.java
352 silly gunzTarPerm extractEntry examples/java/HelloEdison.java
353 silly gunzTarPerm extractEntry examples/java/I2cCompass.java
354 silly gunzTarPerm extractEntry examples/java/AioA0.java
355 silly gunzTarPerm extractEntry examples/java/CyclePwm3.java
356 silly gunzTarPerm extractEntry examples/java/FTDITest.java
357 silly gunzTarPerm extractEntry examples/java/GpioRead6.java
358 silly gunzTarPerm extractEntry examples/java/BlinkIO.java
359 silly gunzTarPerm extractEntry examples/java/GpioMmapped.java
360 silly gunzTarPerm extractEntry examples/java/UartExample.java
361 silly gunzTarPerm extractEntry examples/java/BlinkOnboard.java
362 silly gunzTarPerm extractEntry examples/i2c_HMC5883L.c
363 silly gunzTarPerm extractEntry examples/blink-io.c
364 silly gunzTarPerm extractEntry examples/python/
365 silly gunzTarPerm extractEntry examples/python/hello_isr.py
366 silly gunzTarPerm extractEntry examples/python/blink-io8.py
367 silly gunzTarPerm extractEntry examples/python/firmata.py
368 silly gunzTarPerm extractEntry examples/python/bmp85.py
369 silly gunzTarPerm extractEntry examples/python/hello_gpio.py
370 silly gunzTarPerm extractEntry examples/python/spi.py
371 silly gunzTarPerm extractEntry examples/python/cycle-pwm3.py
372 silly gunzTarPerm extractEntry examples/python/uart_sender.py
373 silly gunzTarPerm extractEntry examples/python/aio.py
374 silly gunzTarPerm extractEntry examples/python/uart_receiver.py
375 silly gunzTarPerm extractEntry examples/python/rgblcd.py
376 silly gunzTarPerm extractEntry examples/javascript/
377 silly gunzTarPerm extractEntry examples/javascript/AioA0.js
378 silly gunzTarPerm extractEntry examples/javascript/Blink-IO.js
379 silly gunzTarPerm extractEntry examples/javascript/spi.js
380 silly gunzTarPerm extractEntry examples/javascript/rgblcd.js
381 silly gunzTarPerm extractEntry examples/javascript/GPIO_DigitalWrite.js
382 silly gunzTarPerm extractEntry examples/javascript/uart.js
383 silly gunzTarPerm extractEntry examples/javascript/bmp85.js
384 silly gunzTarPerm extractEntry examples/javascript/isr.js
385 silly gunzTarPerm extractEntry examples/javascript/GPIO_DigitalRead.js
386 silly gunzTarPerm extractEntry examples/javascript/firmata.js
387 silly gunzTarPerm extractEntry examples/javascript/gpio-tool.js
388 silly gunzTarPerm extractEntry examples/samples.mapping.txt
389 silly gunzTarPerm extractEntry examples/mmap-io2.c
390 silly gunzTarPerm extractEntry examples/uart.c
391 silly gunzTarPerm extractEntry examples/mraa-gpio.c
392 silly gunzTarPerm extractEntry examples/gpio_read6.c
393 silly gunzTarPerm extractEntry examples/i2c_firmata.c
394 silly gunzTarPerm extractEntry examples/spi_max7219.c
395 silly gunzTarPerm extractEntry examples/spi_mcp4261.c
396 silly gunzTarPerm extractEntry examples/cycle-pwm3.c
397 silly gunzTarPerm extractEntry examples/helloedison.c
398 silly gunzTarPerm extractEntry examples/CMakeLists.txt
399 silly gunzTarPerm extractEntry examples/mraa-i2c.c
400 silly gunzTarPerm extractEntry Doxyfile.java.in
401 silly gunzTarPerm extractEntry cmake/
402 silly gunzTarPerm extractEntry cmake/modules/
403 silly gunzTarPerm extractEntry cmake/modules/TargetArch.cmake
404 silly gunzTarPerm extractEntry cmake/modules/FindNodejs.cmake
405 silly gunzTarPerm extractEntry cmake/modules/version.c.in
406 silly gunzTarPerm extractEntry cmake/modules/FindYuidoc.cmake
407 silly gunzTarPerm extractEntry cmake/modules/COPYING-CMAKE-SCRIPTS
408 silly gunzTarPerm extractEntry cmake/modules/LICENSE.LGPL
409 silly gunzTarPerm extractEntry cmake/modules/LICENSE_1_0.txt
410 silly gunzTarPerm extractEntry cmake/modules/FindFtd4222.cmake
411 silly gunzTarPerm extractEntry cmake/modules/FindSphinx.cmake
412 silly gunzTarPerm extractEntry cmake/modules/FindFtd2xx.cmake
413 silly gunzTarPerm extractEntry cmake/modules/GetGitRevisionDescription.cmake.in
414 silly gunzTarPerm extractEntry cmake/modules/FindJSON-C.cmake
415 silly gunzTarPerm extractEntry cmake/modules/CPackDeb.cmake
416 silly gunzTarPerm extractEntry cmake/modules/Copyright.txt
417 silly gunzTarPerm extractEntry cmake/modules/GetGitRevisionDescription.cmake
418 silly gunzTarPerm extractEntry cmake/modules/FindUDEV.cmake
419 silly gunzTarPerm extractEntry cmake/Toolchains/
420 silly gunzTarPerm extractEntry cmake/Toolchains/oe-sdk_cross.cmake
421 silly gunzTarPerm extractEntry .clang-format
422 silly gunzTarPerm extractEntry CONTRIBUTING.md
423 silly gunzTarPerm extractEntry doxygen2jsdoc/
424 silly gunzTarPerm extractEntry CMakeLists.txt
425 silly gunzTarPerm extractEntry tests/
426 silly gunzTarPerm extractEntry tests/general_checks.py
427 silly gunzTarPerm extractEntry tests/gpio_checks.py
428 silly gunzTarPerm extractEntry tests/check_clean.py
429 silly gunzTarPerm extractEntry tests/platform_checks.py
430 silly gunzTarPerm extractEntry tests/check_samplenames.py
431 silly gunzTarPerm extractEntry tests/CMakeLists.txt
432 silly gunzTarPerm extractEntry README.md
433 silly gentlyRm /usr/local/lib/node_modules/.staging/mraa-377ab873/node_modules is being purged
434 verbose gentlyRm don't care about contents; nuking /usr/local/lib/node_modules/.staging/mraa-377ab873/node_modules
435 silly doParallel preinstall 2
436 silly preinstall mraa@0.10.1 /usr/local/lib/node_modules/.staging/mraa-377ab873
437 info lifecycle mraa@0.10.1~preinstall: mraa@0.10.1
438 silly preinstall jsupm_grove@0.4.1 /usr/local/lib/node_modules/.staging/jsupm_grove-0a17118c
439 info lifecycle jsupm_grove@0.4.1~preinstall: jsupm_grove@0.4.1
440 silly lifecycle mraa@0.10.1~preinstall: no script for preinstall, continuing
441 silly lifecycle jsupm_grove@0.4.1~preinstall: no script for preinstall, continuing
442 silly doReverseSerial remove 0
443 silly doSerial move 0
444 silly doSerial finalize 2
445 silly finalize /usr/local/lib/node_modules/jsupm_grove/node_modules/mraa
446 silly finalize /usr/local/lib/node_modules/jsupm_grove
447 silly doSerial build 2
448 silly build mraa@0.10.1
449 info linkStuff mraa@0.10.1
450 silly linkStuff mraa@0.10.1 has /usr/local/lib/node_modules/jsupm_grove/node_modules as its parent node_modules
451 silly linkStuff mraa@0.10.1 is part of a global install
452 silly linkStuff mraa@0.10.1 is installed into a global node_modules
453 verbose linkBins mraa@0.10.1
454 verbose linkMans mraa@0.10.1
455 silly build jsupm_grove@0.4.1
456 info linkStuff jsupm_grove@0.4.1
457 silly linkStuff jsupm_grove@0.4.1 has /usr/local/lib/node_modules as its parent node_modules
458 silly linkStuff jsupm_grove@0.4.1 is part of a global install
459 silly linkStuff jsupm_grove@0.4.1 is installed into a global node_modules
460 silly linkStuff jsupm_grove@0.4.1 is installed into the top-level global node_modules
461 verbose linkBins jsupm_grove@0.4.1
462 verbose linkMans jsupm_grove@0.4.1
463 silly doSerial global-link 0
464 silly doParallel update-linked 0
465 silly doSerial install 2
466 silly install mraa@0.10.1 /usr/local/lib/node_modules/.staging/mraa-377ab873
467 info lifecycle mraa@0.10.1~install: mraa@0.10.1
468 verbose lifecycle mraa@0.10.1~install: unsafe-perm in lifecycle false
469 verbose lifecycle mraa@0.10.1~install: PATH: /usr/local/lib/node_modules/npm/bin/node-gyp-bin:/usr/local/lib/node_modules/jsupm_grove/node_modules/mraa/node_modules/.bin:/usr/local/lib/node_modules/jsupm_grove/node_modules/.bin:/usr/local/lib/node_modules/.bin:/usr/local/bin:/usr/local/bin:/usr/bin:/bin:/usr/sbin:/sbin
470 verbose lifecycle mraa@0.10.1~install: CWD: /usr/local/lib/node_modules/jsupm_grove/node_modules/mraa
471 silly lifecycle mraa@0.10.1~install: Args: [ '-c', 'node-gyp rebuild' ]
472 silly lifecycle mraa@0.10.1~install: Returned: code: 1  signal: null
473 info lifecycle mraa@0.10.1~install: Failed to exec install script
474 verbose unlock done using /Users/sahays/.npm/_locks/staging-3a08f0df5026584d.lock for /usr/local/lib/node_modules/.staging
475 silly rollbackFailedOptional Starting
476 silly rollbackFailedOptional Finishing
477 silly runTopLevelLifecycles Starting
478 silly runTopLevelLifecycles Finishing
479 silly install printInstalled
480 verbose stack Error: mraa@0.10.1 install: `node-gyp rebuild`
480 verbose stack Exit status 1
480 verbose stack     at EventEmitter.<anonymous> (/usr/local/lib/node_modules/npm/lib/utils/lifecycle.js:239:16)
480 verbose stack     at emitTwo (events.js:100:13)
480 verbose stack     at EventEmitter.emit (events.js:185:7)
480 verbose stack     at ChildProcess.<anonymous> (/usr/local/lib/node_modules/npm/lib/utils/spawn.js:24:14)
480 verbose stack     at emitTwo (events.js:100:13)
480 verbose stack     at ChildProcess.emit (events.js:185:7)
480 verbose stack     at maybeClose (internal/child_process.js:850:16)
480 verbose stack     at Process.ChildProcess._handle.onexit (internal/child_process.js:215:5)
481 verbose pkgid mraa@0.10.1
482 verbose cwd /node-projects/aws-iot/temperature
483 error Darwin 15.4.0
484 error argv "/usr/local/bin/node" "/usr/local/bin/npm" "install" "jsupm_grove" "-g" "--save"
485 error node v5.10.0
486 error npm  v3.8.3
487 error code ELIFECYCLE
488 error mraa@0.10.1 install: `node-gyp rebuild`
488 error Exit status 1
489 error Failed at the mraa@0.10.1 install script 'node-gyp rebuild'.
489 error Make sure you have the latest version of node.js and npm installed.
489 error If you do, this is most likely a problem with the mraa package,
489 error not with npm itself.
489 error Tell the author that this fails on your system:
489 error     node-gyp rebuild
489 error You can get information on how to open an issue for this project with:
489 error     npm bugs mraa
489 error Or if that isn't available, you can get their info via:
489 error     npm owner ls mraa
489 error There is likely additional logging output above.
490 verbose exit [ 1, true ]
